[0mGET /api/products/top [32m200[0m 295.074 ms - 2115[0m
[0mGET /api/products?search=&rating=3&page=1&perPage=5&filters=&sort=price|DESC [32m200[0m 713.412 ms - 3452[0m
[0mGET /api/products?search=&rating=3&page=1&perPage=5&filters=&sort=price|DESC [32m200[0m 499.982 ms - 3452[0m
[0mGET /api/products?search=&rating=3&page=1&perPage=5&filters=&sort=price|DESC [32m200[0m 457.703 ms - 3452[0m
[0mGET /api/products/60faa61fb153713d9629dcc0 [32m200[0m 560.972 ms - 969[0m
[0mGET /api/reviews/products/60faa61fb153713d9629dcc0 [32m200[0m 653.335 ms - 2234[0m
[0mGET /api/reviews/users/60faa61bb153713d9629dca1 [32m200[0m 475.563 ms - 5910[0m
[0mGET /api/products/top [36m304[0m 305.235 ms - -[0m
[0mGET /api/products?search=&rating=3&page=1&perPage=5&filters=&sort=price|DESC [36m304[0m 714.553 ms - -[0m
[0mGET /api/products?search=&rating=3&page=1&perPage=5&filters=&sort=price|DESC [36m304[0m 471.076 ms - -[0m
[0mGET /api/products?search=&rating=3&page=1&perPage=5&filters=&sort=price|DESC [36m304[0m 458.585 ms - -[0m
[0mGET /api/products/top [32m200[0m 270.855 ms - 2115[0m
[0mGET /api/products?search=&rating=3&page=1&perPage=5&filters=&sort=price|DESC [32m200[0m 696.456 ms - 3452[0m
[0mGET /api/products?search=&rating=3&page=1&perPage=5&filters=&sort=price|DESC [36m304[0m 461.338 ms - -[0m
[0mGET /api/products?search=&rating=3&page=1&perPage=5&filters=&sort=price|DESC [36m304[0m 456.892 ms - -[0m
[0mGET /api/products?search=&rating=3&page=1&perPage=20&filters=&sort=price|DESC [32m200[0m 631.159 ms - 11993[0m
[0mGET /api/products/top [32m200[0m 300.238 ms - 2157[0m
[0mGET /api/products?search=&rating=3&page=1&perPage=20&filters=&sort=price|DESC [32m200[0m 710.993 ms - 12245[0m
[0mGET /api/products?search=&rating=3&page=1&perPage=20&filters=&sort=price|DESC [36m304[0m 471.421 ms - -[0m
[0mGET /api/products?search=&rating=3&page=1&perPage=20&filters=&sort=price|DESC [36m304[0m 479.638 ms - -[0m
[0mGET /api/products/top [36m304[0m 527.769 ms - -[0m
[0mGET /api/products?search=cam&rating=1&page=1&perPage=20&filters=&sort=price|DESC [36m304[0m 898.942 ms - -[0m
[0mGET /api/products?search=cam&rating=1&page=1&perPage=20&filters=&sort=price|DESC [36m304[0m 493.273 ms - -[0m
[0mGET /api/products?search=cam&rating=1&page=1&perPage=20&filters=&sort=price|DESC [36m304[0m 492.708 ms - -[0m
[0mGET /api/products/top [36m304[0m 310.160 ms - -[0m
[0mGET /api/products?search=&rating=1&page=1&perPage=20&filters=&sort=price|DESC [36m304[0m 644.075 ms - -[0m
[0mOPTIONS /api/users/login [32m204[0m 13.382 ms - 0[0m
[0mPOST /api/users/login [32m200[0m 712.613 ms - 445[0m
[0mOPTIONS /api/users?userId=&page=&perPage= [32m204[0m 0.603 ms - 0[0m
[0mGET /api/users?userId=&page=&perPage= [32m200[0m 597.737 ms - 720[0m
[0mOPTIONS /api/products/users/6100dcb4a807ab0ea7d0bbe5?productId=&page=&perPage= [32m204[0m 0.277 ms - 0[0m
[0mGET /api/products/users/6100dcb4a807ab0ea7d0bbe5?productId=&page=&perPage= [32m200[0m 839.516 ms - 1275[0m
[0mGET /api/reviews/users/6100dcb4a807ab0ea7d0bbe5 [32m200[0m 552.802 ms - 8022[0m
[0mGET /api/reviews/users/6100dcb4a807ab0ea7d0bbe5 [36m304[0m 489.011 ms - -[0m
[0mGET /api/products/top [36m304[0m 242.643 ms - -[0m
[0mGET /api/products?search=&rating=1&page=1&perPage=20&filters=&sort=price|DESC [36m304[0m 487.074 ms - -[0m
[0mGET /api/products?search=&rating=1&page=1&perPage=20&filters=&sort=price|DESC [36m304[0m 617.710 ms - -[0m
[0mGET /api/products?search=&rating=1&page=1&perPage=20&filters=&sort=price|DESC [36m304[0m 486.152 ms - -[0m
[0mGET /api/products/6100dcb9a807ab0ea7d0bc07 [32m200[0m 509.102 ms - 983[0m
[0mOPTIONS /api/orders/products/6100dcb9a807ab0ea7d0bc07 [32m204[0m 0.395 ms - 0[0m
[0mGET /api/reviews/products/6100dcb9a807ab0ea7d0bc07 [32m200[0m 635.414 ms - 1939[0m
[0mGET /api/orders/products/6100dcb9a807ab0ea7d0bc07 [32m200[0m 888.222 ms - 1265[0m
[0mGET /api/orders/products/6100dcb9a807ab0ea7d0bc07 [36m304[0m 901.145 ms - -[0m
[0mGET /api/products/6100dcb9a807ab0ea7d0bc07 [36m304[0m 462.848 ms - -[0m
[0mOPTIONS /api/shipping/users/6100dcb4a807ab0ea7d0bbe5 [32m204[0m 0.288 ms - 0[0m
[0mGET /api/shipping/users/6100dcb4a807ab0ea7d0bbe5 [32m200[0m 515.642 ms - 365[0m
[0mOPTIONS /api/payment/users/6100dcb4a807ab0ea7d0bbe5 [32m204[0m 3.935 ms - 0[0m
[0mGET /api/payment/users/6100dcb4a807ab0ea7d0bbe5 [32m200[0m 532.756 ms - 327[0m
[0mOPTIONS /api/orders/paypalConfig [32m204[0m 0.594 ms - 0[0m
[0mGET /api/orders/paypalConfig [36m304[0m 8.946 ms - -[0m
[0mOPTIONS /api/orders/new [32m204[0m 3.832 ms - 0[0m
[0mPOST /api/orders/new [32m201[0m 1469.768 ms - 603[0m
[0mOPTIONS /api/orders/6101c8a94021230020cfb6ad [32m204[0m 0.787 ms - 0[0m
[0mGET /api/orders/6101c8a94021230020cfb6ad [32m200[0m 843.481 ms - 1259[0m
[0mOPTIONS /api/orders/users/6100dcb4a807ab0ea7d0bbe5?orderId=&page=&perPage= [32m204[0m 0.995 ms - 0[0m
[0mGET /api/orders/users/6100dcb4a807ab0ea7d0bbe5?orderId=&page=&perPage= [32m200[0m 777.385 ms - 1255[0m
[0mOPTIONS /api/orders/users/6100dcb4a807ab0ea7d0bbe5?orderId=6101c8a94021230020cfb6ad&page=&perPage= [32m204[0m 0.444 ms - 0[0m
[0mGET /api/orders/users/6100dcb4a807ab0ea7d0bbe5?orderId=6101c8a94021230020cfb6ad&page=&perPage= [32m200[0m 706.115 ms - 657[0m
[0mGET /api/products/top [36m304[0m 248.074 ms - -[0m
[0mGET /api/products?search=&rating=1&page=1&perPage=20&filters=&sort=price|DESC [36m304[0m 537.020 ms - -[0m
[0mGET /api/products?search=&rating=1&page=1&perPage=20&filters=&sort=price|DESC [36m304[0m 503.880 ms - -[0m
[0mGET /api/products?search=&rating=1&page=1&perPage=20&filters=&sort=price|DESC [36m304[0m 545.862 ms - -[0m
[0mGET /api/products?search=&rating=1&page=1&perPage=20&filters=&sort=price|DESC [36m304[0m 505.911 ms - -[0m
[0mGET /api/products?search=&rating=4&page=1&perPage=20&filters=&sort=price|DESC [36m304[0m 550.770 ms - -[0m
[0mGET /api/products?search=cam&rating=4&page=1&perPage=20&filters=&sort=price|DESC [36m304[0m 499.925 ms - -[0m
[0mGET /api/products?search=cam&rating=1&page=1&perPage=20&filters=&sort=price|DESC [36m304[0m 516.088 ms - -[0m
[0mGET /api/products/top [36m304[0m 240.000 ms - -[0m
[0mGET /api/products?search=&rating=1&page=1&perPage=20&filters=&sort=price|DESC [36m304[0m 495.672 ms - -[0m
[0mGET /api/products?search=cam&rating=1&page=1&perPage=20&filters=&sort=price|DESC [36m304[0m 489.024 ms - -[0m
[0mGET /api/products?search=cam&rating=1&page=1&perPage=20&filters=&sort=price|DESC [36m304[0m 485.586 ms - -[0m
[0mGET /api/products/top [36m304[0m 242.335 ms - -[0m
[0mGET /api/products?search=&rating=1&page=1&perPage=20&filters=&sort=price|DESC [36m304[0m 555.710 ms - -[0m
[0mGET /api/products?search=cam&rating=1&page=1&perPage=20&filters=&sort=price|DESC [36m304[0m 500.859 ms - -[0m
[0mGET /api/products?search=cam&rating=1&page=1&perPage=20&filters=&sort=price|DESC [36m304[0m 517.133 ms - -[0m
[0mGET /api/products/top [36m304[0m 242.096 ms - -[0m
[0mGET /api/products?search=&rating=1&page=1&perPage=20&filters=&sort=price|DESC [36m304[0m 493.524 ms - -[0m
[0mGET /api/products/top [36m304[0m 341.321 ms - -[0m
[0mGET /api/products?search=&rating=1&page=1&perPage=20&filters=&sort=price|DESC [36m304[0m 618.011 ms - -[0m
[0mGET /api/products?search=&rating=1&page=1&perPage=20&filters=&sort=price|DESC [36m304[0m 509.176 ms - -[0m
[0mGET /api/products?search=&rating=1&page=1&perPage=20&filters=&sort=price|DESC [36m304[0m 513.890 ms - -[0m
[0mGET /api/products?search=&rating=1&page=1&perPage=20&filters=&sort=price|DESC [36m304[0m 928.423 ms - -[0m
[0mGET /api/products/top [36m304[0m 385.263 ms - -[0m
[0mGET /api/products?search=&rating=1&page=1&perPage=20&filters=&sort=price|DESC [36m304[0m 915.356 ms - -[0m
[0mGET /api/products?search=&rating=1&page=1&perPage=20&filters=&sort=price|DESC [36m304[0m 637.144 ms - -[0m
[0mGET /api/products?search=&rating=1&page=1&perPage=20&filters=&sort=price|DESC [36m304[0m 559.146 ms - -[0m
[0mGET /api/products?search=&rating=1&page=1&perPage=5&filters=&sort=price|DESC [32m200[0m 481.360 ms - 3428[0m
[0mGET /api/products/top [36m304[0m 245.174 ms - -[0m
[0mGET /api/products?search=&rating=1&page=1&perPage=5&filters=&sort=price|DESC [36m304[0m 483.563 ms - -[0m
[0mGET /api/products?search=&rating=1&page=1&perPage=5&filters=&sort=price|DESC [36m304[0m 555.210 ms - -[0m
[0mGET /api/products?search=&rating=1&page=1&perPage=5&filters=&sort=price|DESC [36m304[0m 603.275 ms - -[0m
[0mGET /api/products/top [36m304[0m 276.934 ms - -[0m
[0mGET /api/products?search=&rating=1&page=1&perPage=5&filters=&sort=price|DESC [36m304[0m 497.057 ms - -[0m
[0mGET /api/products?search=&rating=1&page=1&perPage=5&filters=&sort=price|DESC [36m304[0m 613.873 ms - -[0m
[0mGET /api/products?search=&rating=1&page=1&perPage=5&filters=&sort=price|DESC [36m304[0m 526.380 ms - -[0m
[0mGET /api/products/top [32m200[0m 678.210 ms - 2157[0m
[0mGET /api/products?search=&rating=1&page=1&perPage=5&filters=&sort=price|DESC [32m200[0m 1506.605 ms - 3428[0m
[0mGET /api/products?search=&rating=1&page=1&perPage=5&filters=&sort=price|DESC [32m200[0m 1415.020 ms - 3428[0m
[0mGET /api/products?search=&rating=1&page=1&perPage=5&filters=&sort=price|DESC [32m200[0m 1634.601 ms - 3428[0m
[0mGET /api/products/top [36m304[0m 1770.149 ms - -[0m
[0mGET /api/products?search=&rating=1&page=1&perPage=5&filters=&sort=price|DESC [36m304[0m 2022.923 ms - -[0m
[0mGET /api/products?search=&rating=1&page=1&perPage=5&filters=&sort=price|DESC [36m304[0m 506.186 ms - -[0m
[0mGET /api/products?search=&rating=1&page=1&perPage=5&filters=&sort=price|DESC [36m304[0m 567.232 ms - -[0m
[0mGET /api/products/6100dcb9a807ab0ea7d0bc07 [36m304[0m 549.745 ms - -[0m
[0mOPTIONS /api/orders/products/6100dcb9a807ab0ea7d0bc07 [32m204[0m 3.985 ms - 0[0m
[0mGET /api/reviews/products/6100dcb9a807ab0ea7d0bc07 [36m304[0m 566.737 ms - -[0m
[0mGET /api/orders/products/6100dcb9a807ab0ea7d0bc07 [32m200[0m 834.098 ms - 1263[0m
[0mGET /api/orders/products/6100dcb9a807ab0ea7d0bc07 [36m304[0m 741.357 ms - -[0m
[0mOPTIONS /api/products/users/6100dcb4a807ab0ea7d0bbe5?productId=&page=&perPage= [32m204[0m 0.548 ms - 0[0m
[0mGET /api/products/users/6100dcb4a807ab0ea7d0bbe5?productId=&page=&perPage= [36m304[0m 792.962 ms - -[0m
[0mGET /api/products/top [36m304[0m 289.169 ms - -[0m
[0mGET /api/products?search=&rating=1&page=1&perPage=5&filters=&sort=price|DESC [36m304[0m 867.023 ms - -[0m
[0mGET /api/products?search=&rating=1&page=1&perPage=5&filters=&sort=price|DESC [36m304[0m 505.712 ms - -[0m
[0mGET /api/products?search=&rating=1&page=1&perPage=5&filters=&sort=price|DESC [36m304[0m 527.538 ms - -[0m
[0mGET /api/products/top [36m304[0m 543.522 ms - -[0m
[0mGET /api/products?search=&rating=1&page=1&perPage=5&filters=&sort=price|DESC [36m304[0m 1236.000 ms - -[0m
[0mGET /api/products?search=&rating=1&page=1&perPage=5&filters=&sort=price|DESC [36m304[0m 499.565 ms - -[0m
[0mGET /api/products?search=&rating=1&page=1&perPage=5&filters=&sort=price|DESC [36m304[0m 546.296 ms - -[0m
[0mGET /api/products/6100dcb9a807ab0ea7d0bc01 [32m200[0m 650.209 ms - 733[0m
[0mOPTIONS /api/orders/products/6100dcb9a807ab0ea7d0bc01 [32m204[0m 1.929 ms - 0[0m
[0mGET /api/reviews/products/6100dcb9a807ab0ea7d0bc01 [32m200[0m 641.069 ms - 2722[0m
[0mGET /api/orders/products/6100dcb9a807ab0ea7d0bc01 [32m200[0m 942.830 ms - 1287[0m
[0mGET /api/orders/products/6100dcb9a807ab0ea7d0bc01 [36m304[0m 985.674 ms - -[0m
[0mGET /api/products/top [32m200[0m 614.431 ms - 2157[0m
[0mGET /api/products?search=&rating=3&page=1&perPage=5&filters=&sort=price|DESC [32m200[0m 1094.891 ms - 3522[0m
[0mGET /api/products?search=&rating=3&page=1&perPage=5&filters=&sort=price|DESC [36m304[0m 779.450 ms - -[0m
[0mGET /api/products?search=&rating=3&page=1&perPage=5&filters=&sort=price|DESC [36m304[0m 723.105 ms - -[0m
[0mGET /api/products/top [32m200[0m 681.989 ms - 2157[0m
[0mGET /api/products?search=&rating=3&page=1&perPage=5&filters=&sort=price|DESC [36m304[0m 985.943 ms - -[0m
[0mGET /api/products?search=&rating=3&page=1&perPage=5&filters=&sort=price|DESC [36m304[0m 646.127 ms - -[0m
[0mGET /api/products?search=&rating=3&page=1&perPage=5&filters=&sort=price|DESC [36m304[0m 664.826 ms - -[0m
[0mGET /api/products?search=&rating=3&page=1&perPage=5&filters=&sort=price|DESC [0m-[0m - ms - -[0m
[0mGET /api/products/top [36m304[0m 281.223 ms - -[0m
[0mGET /api/products?search=&rating=3&page=1&perPage=5&filters=&sort=price|DESC [32m200[0m 544.566 ms - 3522[0m
[0mGET /api/products?search=&rating=3&page=1&perPage=5&filters=&sort=price|DESC [36m304[0m 622.573 ms - -[0m
[0mGET /api/products?search=&rating=3&page=1&perPage=5&filters=&sort=price|DESC [36m304[0m 546.476 ms - -[0m
[0mGET /api/products?search=&rating=3&page=1&perPage=5&filters=&sort=price|DESC [36m304[0m 893.676 ms - -[0m
[0mGET /api/products/top [32m200[0m 2760.917 ms - 2157[0m
[0mGET /api/products?search=&rating=3&page=1&perPage=5&filters=&sort=price|DESC [32m200[0m 3273.125 ms - 3522[0m
[0mGET /api/products?search=&rating=3&page=1&perPage=5&filters=&sort=price|DESC [36m304[0m 511.061 ms - -[0m
[0mGET /api/products?search=&rating=3&page=1&perPage=5&filters=&sort=price|DESC [36m304[0m 502.488 ms - -[0m
